2022-05-25T01:27:39 /aliatay/2/kjfkdsf/
2022-05-25T01:27:41 /aliatay/3/lmao/
2022-05-25T01:29:40 /aliatay/4/sdfksdkjfs/
2022-05-25T01:29:44 /aliatay/5/skjdfksd/
2022-05-25T01:29:47 /aliatay/6/lmao/
2022-05-25T01:46:57 /aliatay/7/dsjkfnd/
2022-05-25T01:47:01 /aliatay/8/vdfvdf/
2022-05-25T01:50:13 /fatihterim/9/sdfndf/
2022-05-25T01:57:18 /fatihterim/10/sdmnf/
2022-05-25T01:59:10 /lili/11/dfjskdf/
2022-05-25T02:26:08 /lili/12/1/
2022-05-25T03:36:31 /edaerdem/13/lmao/
2022-05-25T11:02:07 /fatihterim/14/1/
2022-05-25T11:02:09 /fatihterim/15/2/
2022-05-25T11:02:11 /fatihterim/16/3/
2022-05-25T11:02:13 /fatihterim/17/4/
2022-05-25T11:02:14 /fatihterim/18/5/
2022-05-25T11:02:15 /fatihterim/19/6/
2022-05-25T11:02:18 /fatihterim/22/9/
2022-05-25T11:02:20 /fatihterim/23/10/
2022-05-25T11:02:23 /fatihterim/25/12/
